\BOOKMARK [0][-]{indhold.0}{Indholdsfortegnelse}{}% 1
\BOOKMARK [0][-]{chapter.1}{Geoteknisk unders\370gelse}{}% 2
\BOOKMARK [1][-]{section.1.1}{Sigteanalyse}{chapter.1}% 3
\BOOKMARK [1][-]{section.1.2}{Simpelt triaxalfors\370g}{chapter.1}% 4
\BOOKMARK [1][-]{section.1.3}{L\370s og fast lejring}{chapter.1}% 5
\BOOKMARK [2][-]{subsection.1.3.1}{L\370s lejring}{section.1.3}% 6
\BOOKMARK [2][-]{subsection.1.3.2}{Fast lejring, emin}{section.1.3}% 7
\BOOKMARK [2][-]{subsection.1.3.3}{Det naturlige poretal}{section.1.3}% 8
\BOOKMARK [0][-]{chapter.2}{Laster}{}% 9
\BOOKMARK [1][-]{section.2.1}{Nyttelast}{chapter.2}% 10
\BOOKMARK [1][-]{section.2.2}{Egenlast}{chapter.2}% 11
\BOOKMARK [1][-]{section.2.3}{Vindlast}{chapter.2}% 12
\BOOKMARK [2][-]{subsection.2.3.1}{Basisvindhastighed}{section.2.3}% 13
\BOOKMARK [2][-]{subsection.2.3.2}{Ruhedsfaktor}{section.2.3}% 14
\BOOKMARK [2][-]{subsection.2.3.3}{Middelvindhastighed}{section.2.3}% 15
\BOOKMARK [2][-]{subsection.2.3.4}{Turbolensintensitet}{section.2.3}% 16
\BOOKMARK [2][-]{subsection.2.3.5}{Peakhastighedstryk}{section.2.3}% 17
\BOOKMARK [2][-]{subsection.2.3.6}{Udvendigt vindtryk}{section.2.3}% 18
\BOOKMARK [1][-]{section.2.4}{Snelast}{chapter.2}% 19
\BOOKMARK [2][-]{subsection.2.4.1}{Formfaktor}{section.2.4}% 20
\BOOKMARK [2][-]{subsection.2.4.2}{Eksponeringsfaktor}{section.2.4}% 21
\BOOKMARK [2][-]{subsection.2.4.3}{Termisk faktor}{section.2.4}% 22
\BOOKMARK [2][-]{subsection.2.4.4}{Karakteristisk terr\346nv\346rdi}{section.2.4}% 23
\BOOKMARK [2][-]{subsection.2.4.5}{Beregning af snelast}{section.2.4}% 24
\BOOKMARK [2][-]{subsection.2.4.6}{Snelast fra sneophobning}{section.2.4}% 25
